<?xml version='1.0' encoding='UTF-8'?>
<testsuite hostname="Andreas-skole-PC" name="AccountTests" tests="7" errors="0" failures="0" skipped="0" time="3.037" timestamp="2024-10-24T09:44:13">
          <properties>
[...]
</properties>
          <testcase classname="AccountTests" name="Test 01: Account should be immutable" time="0.037">
                      
                    </testcase><testcase classname="AccountTests" name="Test 02: Valid account withdrawal" time="0.002">
                      
                    </testcase><testcase classname="AccountTests" name="Test 03: Invalid account withdrawal should return error message" time="0.002">
                      
                    </testcase><testcase classname="AccountTests" name="Test 04: Withdrawal of negative amount should return error message" time="0.001">
                      
                    </testcase><testcase classname="AccountTests" name="Test 05: Valid account deposit" time="0.0">
                      
                    </testcase><testcase classname="AccountTests" name="Test 06: Deposit of negative amount should return an error" time="0.001">
                      
                    </testcase><testcase classname="AccountTests" name="Test 07: Correct balance amount after several withdrawals and deposits" time="2.994">
                      
                    </testcase>
          <system-out><![CDATA[]]></system-out>
          <system-err><![CDATA[]]></system-err>
        </testsuite>